==========================================================================================
Layer (type:depth-idx)                   Output Shape              Param #
==========================================================================================
StudentModel                             [64, 10]                  --
├─Sequential: 1-1                        [64, 60, 1, 1]            --
│    └─Conv2d: 2-1                       [64, 3, 28, 28]           78
│    └─Tanh: 2-2                         [64, 3, 28, 28]           --
│    └─AvgPool2d: 2-3                    [64, 3, 14, 14]           --
│    └─Conv2d: 2-4                       [64, 8, 10, 10]           608
│    └─Tanh: 2-5                         [64, 8, 10, 10]           --
│    └─AvgPool2d: 2-6                    [64, 8, 5, 5]             --
│    └─Conv2d: 2-7                       [64, 60, 1, 1]            12,060
│    └─Tanh: 2-8                         [64, 60, 1, 1]            --
├─Sequential: 1-2                        [64, 10]                  --
│    └─Linear: 2-9                       [64, 10]                  610
==========================================================================================
Total params: 13,356
Trainable params: 13,356
Non-trainable params: 0
Total mult-adds (M): 8.62
==========================================================================================
Input size (MB): 0.20
Forward/backward pass size (MB): 1.65
Params size (MB): 0.05
Estimated Total Size (MB): 1.90
==========================================================================================
==========================================================================================
Layer (type:depth-idx)                   Output Shape              Param #
==========================================================================================
TeacherModel                             [64, 10]                  --
├─Sequential: 1-1                        [64, 120, 1, 1]           --
│    └─Conv2d: 2-1                       [64, 6, 28, 28]           156
│    └─Tanh: 2-2                         [64, 6, 28, 28]           --
│    └─AvgPool2d: 2-3                    [64, 6, 14, 14]           --
│    └─Conv2d: 2-4                       [64, 16, 10, 10]          2,416
│    └─Tanh: 2-5                         [64, 16, 10, 10]          --
│    └─AvgPool2d: 2-6                    [64, 16, 5, 5]            --
│    └─Conv2d: 2-7                       [64, 120, 1, 1]           48,120
│    └─Tanh: 2-8                         [64, 120, 1, 1]           --
├─Sequential: 1-2                        [64, 10]                  --
│    └─Linear: 2-9                       [64, 84]                  10,164
│    └─Tanh: 2-10                        [64, 84]                  --
│    └─Linear: 2-11                      [64, 10]                  850
==========================================================================================
Total params: 61,706
Trainable params: 61,706
Non-trainable params: 0
Total mult-adds (M): 27.07
==========================================================================================
Input size (MB): 0.20
Forward/backward pass size (MB): 3.34
Params size (MB): 0.25
Estimated Total Size (MB): 3.78
==========================================================================================
Training teacher model:


Epoch: 05
Loss: 1.49255180,Test Loss: 1.52225053
Accuracy: 96.87500000%,Test Accuracy: 93.75000000%
Loss: 1.52345552, Accuracy: 93.88933121019109

Epoch: 10
Loss: 1.54463148,Test Loss: 1.46362662
Accuracy: 90.62500000%,Test Accuracy: 100.00000000%
Loss: 1.52085242, Accuracy: 94.10031847133757
saving model...
Training student model:


Epoch: 05
Loss: 1.47843504,Test Loss: 1.52365124
Accuracy: 100.00000000%,Test Accuracy: 93.75000000%
Loss: 1.49473559, Accuracy: 96.75955414012739

Epoch: 10
Loss: 1.49173629,Test Loss: 1.46133685
Accuracy: 96.87500000%,Test Accuracy: 100.00000000%
Loss: 1.49192793, Accuracy: 96.99343152866243
saving model...
